Watching for file changes with StatReloader
Watching for file changes with StatReloader
Not Found: /
"GET / HTTP/1.1" 404 2478
Not Found: /favicon.ico
"GET /favicon.ico HTTP/1.1" 404 2529
"GET /admin HTTP/1.1" 301 0
"GET /admin/ HTTP/1.1" 302 0
"GET /admin/login/?next=/admin/ HTTP/1.1" 200 4378
"GET /static/admin/css/base.css HTTP/1.1" 200 22120
"GET /static/admin/css/dark_mode.css HTTP/1.1" 200 2808
"GET /static/admin/css/nav_sidebar.css HTTP/1.1" 200 2810
"GET /static/admin/css/login.css HTTP/1.1" 200 951
"GET /static/admin/css/responsive.css HTTP/1.1" 200 16565
"GET /static/admin/js/theme.js HTTP/1.1" 200 1653
"GET /static/admin/js/nav_sidebar.js HTTP/1.1" 200 3063
Not Found: /favicon.ico
"GET /favicon.ico HTTP/1.1" 404 2529
Not Found: /api
"GET /api HTTP/1.1" 404 2505
"GET /api/auth/departments/ HTTP/1.1" 200 5383
"GET /static/rest_framework/css/prettify.css HTTP/1.1" 200 817
"GET /static/rest_framework/css/bootstrap-tweaks.css HTTP/1.1" 200 3426
"GET /static/rest_framework/js/ajax-form.js HTTP/1.1" 200 3796
"GET /static/rest_framework/css/default.css HTTP/1.1" 200 1152
"GET /static/rest_framework/css/bootstrap.min.css HTTP/1.1" 200 121457
"GET /static/rest_framework/js/csrf.js HTTP/1.1" 200 1793
"GET /static/rest_framework/js/jquery-3.7.1.min.js HTTP/1.1" 200 87533
"GET /static/rest_framework/js/bootstrap.min.js HTTP/1.1" 200 39680
"GET /static/rest_framework/js/default.js HTTP/1.1" 200 1268
"GET /static/rest_framework/js/load-ajax-form.js HTTP/1.1" 200 59
"GET /static/rest_framework/js/prettify-min.js HTTP/1.1" 200 13632
"GET /static/rest_framework/img/grid.png HTTP/1.1" 200 1458
"POST /admin/login/?next=/admin/ HTTP/1.1" 200 4698
"POST /admin/login/?next=/admin/ HTTP/1.1" 200 4698
"POST /admin/login/?next=/admin/ HTTP/1.1" 200 4698
"POST /admin/login/?next=/admin/ HTTP/1.1" 200 4698
"POST /admin/login/?next=/admin/ HTTP/1.1" 302 0
"GET /admin/ HTTP/1.1" 200 7097
"GET /static/admin/css/dashboard.css HTTP/1.1" 200 441
"GET /static/admin/img/icon-addlink.svg HTTP/1.1" 200 331
"GET /static/admin/img/icon-changelink.svg HTTP/1.1" 200 380
"GET /api/auth/departments/ HTTP/1.1" 200 52
"GET /api/auth/departments/ HTTP/1.1" 200 52
D:\OpenServer\domains\tender-system\backend\users\admin.py changed, reloading.
Watching for file changes with StatReloader
Watching for file changes with StatReloader
"GET /admin/ HTTP/1.1" 200 9571
"GET /admin/users/department/add/ HTTP/1.1" 200 13109
"GET /admin/jsi18n/ HTTP/1.1" 200 10649
"GET /static/admin/js/vendor/jquery/jquery.js HTTP/1.1" 200 285314
"GET /static/admin/js/urlify.js HTTP/1.1" 200 7887
"GET /static/admin/css/forms.css HTTP/1.1" 200 8525
"GET /static/admin/js/prepopulate.js HTTP/1.1" 200 1531
"GET /static/admin/js/vendor/xregexp/xregexp.js HTTP/1.1" 200 325171
"GET /static/admin/js/prepopulate_init.js HTTP/1.1" 200 586
"GET /static/admin/css/widgets.css HTTP/1.1" 200 11991
"GET /static/admin/js/jquery.init.js HTTP/1.1" 200 347
"GET /static/admin/js/core.js HTTP/1.1" 200 6208
"GET /static/admin/js/admin/RelatedObjectLookups.js HTTP/1.1" 200 9777
"GET /static/admin/js/change_form.js HTTP/1.1" 200 606
"GET /static/admin/js/actions.js HTTP/1.1" 200 8076
"POST /admin/users/department/add/ HTTP/1.1" 302 0
"GET /admin/users/department/add/ HTTP/1.1" 200 13404
"GET /admin/jsi18n/ HTTP/1.1" 200 10649
"GET /static/admin/img/icon-yes.svg HTTP/1.1" 200 436
"POST /admin/users/department/add/ HTTP/1.1" 302 0
"GET /admin/users/department/ HTTP/1.1" 200 14693
"GET /static/admin/css/changelists.css HTTP/1.1" 200 6878
"GET /admin/jsi18n/ HTTP/1.1" 200 10649
"GET /static/admin/img/search.svg HTTP/1.1" 200 458
"GET /static/admin/js/filters.js HTTP/1.1" 200 978
"GET /static/admin/img/tooltag-add.svg HTTP/1.1" 200 331
"GET /static/admin/img/sorting-icons.svg HTTP/1.1" 200 1097
"GET /static/admin/img/icon-viewlink.svg HTTP/1.1" 200 581
"GET /admin/users/user/add/ HTTP/1.1" 200 42466
"GET /static/admin/js/calendar.js HTTP/1.1" 200 9141
"GET /static/admin/js/admin/DateTimeShortcuts.js HTTP/1.1" 200 19319
"GET /admin/jsi18n/ HTTP/1.1" 200 10649
"GET /static/admin/img/icon-deletelink.svg HTTP/1.1" 200 392
"GET /static/admin/img/icon-calendar.svg HTTP/1.1" 200 1086
"GET /static/admin/img/icon-clock.svg HTTP/1.1" 200 677
"GET /admin/auth/group/add/?_to_field=id&_popup=1 HTTP/1.1" 200 12761
"GET /static/admin/js/SelectBox.js HTTP/1.1" 200 4530
"GET /static/admin/js/SelectFilter2.js HTTP/1.1" 200 15845
"GET /admin/jsi18n/ HTTP/1.1" 200 10649
"GET /static/admin/img/selector-icons.svg HTTP/1.1" 200 3291
"GET /admin/users/admindepartmentaccess/add/ HTTP/1.1" 200 14540
"GET /admin/jsi18n/ HTTP/1.1" 200 10649
"GET /admin/users/user/add/ HTTP/1.1" 200 42466
"GET /admin/jsi18n/ HTTP/1.1" 200 10649
"POST /admin/users/user/add/ HTTP/1.1" 200 43021
"GET /admin/jsi18n/ HTTP/1.1" 200 10649
D:\OpenServer\domains\tender-system\backend\users\admin.py changed, reloading.
Watching for file changes with StatReloader
D:\OpenServer\domains\tender-system\backend\users\views.py changed, reloading.
Watching for file changes with StatReloader
D:\OpenServer\domains\tender-system\backend\users\urls.py changed, reloading.
Watching for file changes with StatReloader
D:\OpenServer\domains\tender-system\backend\users\views.py changed, reloading.
Watching for file changes with StatReloader
D:\OpenServer\domains\tender-system\backend\users\serializers.py changed, reloading.
Watching for file changes with StatReloader
Watching for file changes with StatReloader
D:\OpenServer\domains\tender-system\backend\users\urls.py changed, reloading.
Watching for file changes with StatReloader
"GET /admin/ HTTP/1.1" 200 11706
"GET /api/auth/departments/ HTTP/1.1" 200 214
"GET /api/auth/departments/ HTTP/1.1" 200 214
"GET /admin/users/department/ HTTP/1.1" 200 15396
"GET /admin/jsi18n/ HTTP/1.1" 200 10649
"GET /admin/ HTTP/1.1" 200 11706
"GET /api/auth/departments/ HTTP/1.1" 200 5888
"GET /api/auth/departments/ HTTP/1.1" 200 214
Watching for file changes with StatReloader
Watching for file changes with StatReloader
"GET /admin/ HTTP/1.1" 302 0
"GET /admin/login/?next=/admin/ HTTP/1.1" 200 4378
"GET /static/admin/css/dark_mode.css HTTP/1.1" 200 2808
"GET /static/admin/css/nav_sidebar.css HTTP/1.1" 200 2810
"GET /static/admin/css/base.css HTTP/1.1" 200 22120
"GET /static/admin/css/responsive.css HTTP/1.1" 200 16565
"GET /static/admin/js/theme.js HTTP/1.1" 200 1653
"GET /static/admin/js/nav_sidebar.js HTTP/1.1" 200 3063
"GET /static/admin/css/login.css HTTP/1.1" 200 951
Not Found: /favicon.ico
"GET /favicon.ico HTTP/1.1" 404 2529
"POST /admin/login/?next=/admin/ HTTP/1.1" 200 4698
"POST /admin/login/?next=/admin/ HTTP/1.1" 200 4687
"POST /admin/login/?next=/admin/ HTTP/1.1" 302 0
"GET /admin/ HTTP/1.1" 200 11706
"GET /static/admin/css/dashboard.css HTTP/1.1" 200 441
"GET /static/admin/img/icon-addlink.svg HTTP/1.1" 200 331
"GET /static/admin/img/icon-changelink.svg HTTP/1.1" 200 380
"GET /admin/users/tenderuser/ HTTP/1.1" 200 16364
"GET /static/admin/css/changelists.css HTTP/1.1" 200 6878
"GET /admin/jsi18n/ HTTP/1.1" 200 10649
"GET /static/admin/js/actions.js HTTP/1.1" 200 8076
"GET /static/admin/js/jquery.init.js HTTP/1.1" 200 347
"GET /static/admin/js/core.js HTTP/1.1" 200 6208
"GET /static/admin/js/vendor/jquery/jquery.js HTTP/1.1" 200 285314
"GET /static/admin/js/urlify.js HTTP/1.1" 200 7887
"GET /static/admin/js/prepopulate.js HTTP/1.1" 200 1531
"GET /static/admin/js/vendor/xregexp/xregexp.js HTTP/1.1" 200 325171
"GET /static/admin/img/icon-no.svg HTTP/1.1" 200 560
"GET /static/admin/img/search.svg HTTP/1.1" 200 458
"GET /static/admin/js/admin/RelatedObjectLookups.js HTTP/1.1" 200 9777
"GET /static/admin/js/filters.js HTTP/1.1" 200 978
"GET /static/admin/img/tooltag-add.svg HTTP/1.1" 200 331
"GET /static/admin/img/icon-viewlink.svg HTTP/1.1" 200 581
"GET /admin/users/department/ HTTP/1.1" 200 15396
"GET /static/admin/img/icon-yes.svg HTTP/1.1" 200 436
"GET /admin/jsi18n/ HTTP/1.1" 200 10649
"GET /static/admin/img/sorting-icons.svg HTTP/1.1" 200 1097
"GET /api/auth/departments/ HTTP/1.1" 200 214
"GET /api/auth/departments/ HTTP/1.1" 200 214
"GET /api/auth/departments/ HTTP/1.1" 200 214
"GET /api/auth/departments/ HTTP/1.1" 200 5888
"GET /static/rest_framework/css/bootstrap-tweaks.css HTTP/1.1" 200 3426
"GET /static/rest_framework/css/bootstrap.min.css HTTP/1.1" 200 121457
"GET /static/rest_framework/js/csrf.js HTTP/1.1" 200 1793
"GET /static/rest_framework/js/bootstrap.min.js HTTP/1.1" 200 39680
"GET /static/rest_framework/js/jquery-3.7.1.min.js HTTP/1.1" 200 87533
"GET /static/rest_framework/css/default.css HTTP/1.1" 200 1152
"GET /static/rest_framework/css/prettify.css HTTP/1.1" 200 817
"GET /static/rest_framework/js/prettify-min.js HTTP/1.1" 200 13632
"GET /static/rest_framework/js/ajax-form.js HTTP/1.1" 200 3796
"GET /static/rest_framework/js/default.js HTTP/1.1" 200 1268
"GET /static/rest_framework/js/load-ajax-form.js HTTP/1.1" 200 59
"GET /static/rest_framework/img/grid.png HTTP/1.1" 200 1458
D:\OpenServer\domains\tender-system\backend\config\settings.py changed, reloading.
Watching for file changes with StatReloader
"GET /api/auth/departments/ HTTP/1.1" 200 214
"OPTIONS /api/auth/register/ HTTP/1.1" 200 0
"POST /api/auth/register/ HTTP/1.1" 201 171
D:\OpenServer\domains\tender-system\backend\users\views.py changed, reloading.
Watching for file changes with StatReloader
"GET /api/auth/departments/ HTTP/1.1" 200 214
"GET /api/auth/departments/ HTTP/1.1" 200 214
"GET /admin/users/tenderuser/ HTTP/1.1" 200 17043
"GET /admin/jsi18n/ HTTP/1.1" 200 10649
"GET /admin/users/tenderuser/2/change/ HTTP/1.1" 200 24188
"GET /admin/jsi18n/ HTTP/1.1" 200 10649
"GET /static/admin/js/prepopulate_init.js HTTP/1.1" 200 586
"GET /static/admin/js/admin/DateTimeShortcuts.js HTTP/1.1" 200 19319
"GET /static/admin/css/forms.css HTTP/1.1" 200 8525
"GET /static/admin/js/calendar.js HTTP/1.1" 200 9141
"GET /static/admin/css/widgets.css HTTP/1.1" 200 11991
"GET /static/admin/img/icon-deletelink.svg HTTP/1.1" 200 392
"GET /static/admin/js/change_form.js HTTP/1.1" 200 606
D:\OpenServer\domains\tender-system\backend\users\admin.py changed, reloading.
Watching for file changes with StatReloader
D:\OpenServer\domains\tender-system\backend\config\settings.py changed, reloading.
Watching for file changes with StatReloader
D:\OpenServer\domains\tender-system\backend\users\serializers.py changed, reloading.
Watching for file changes with StatReloader
D:\OpenServer\domains\tender-system\backend\users\views.py changed, reloading.
Watching for file changes with StatReloader
"GET /admin/users/tenderuser/2/change/ HTTP/1.1" 200 24540
"GET /admin/jsi18n/ HTTP/1.1" 200 10649
"POST /admin/users/tenderuser/2/change/ HTTP/1.1" 302 0
"GET /admin/users/tenderuser/ HTTP/1.1" 200 18045
"GET /admin/jsi18n/ HTTP/1.1" 200 10649
"GET /admin/users/tenderuser/2/change/ HTTP/1.1" 200 25284
"GET /admin/jsi18n/ HTTP/1.1" 200 10649
"OPTIONS /api/auth/activate/ HTTP/1.1" 200 0
"POST /api/auth/activate/ HTTP/1.1" 200 555
"OPTIONS /api/auth/users/ HTTP/1.1" 200 0
"OPTIONS /api/auth/users/ HTTP/1.1" 200 0
"OPTIONS /api/auth/departments/ HTTP/1.1" 200 0
"OPTIONS /api/auth/departments/ HTTP/1.1" 200 0
"GET /api/auth/users/ HTTP/1.1" 200 52
"GET /api/auth/departments/ HTTP/1.1" 200 214
"GET /api/auth/departments/ HTTP/1.1" 200 214
"GET /api/auth/users/ HTTP/1.1" 200 52
D:\OpenServer\domains\tender-system\backend\users\models.py changed, reloading.
Watching for file changes with StatReloader
Watching for file changes with StatReloader
D:\OpenServer\domains\tender-system\backend\users\admin.py changed, reloading.
Watching for file changes with StatReloader
D:\OpenServer\domains\tender-system\backend\users\views.py changed, reloading.
Watching for file changes with StatReloader
Watching for file changes with StatReloader
D:\OpenServer\domains\tender-system\backend\users\serializers.py changed, reloading.
Watching for file changes with StatReloader
D:\OpenServer\domains\tender-system\backend\users\urls.py changed, reloading.
Watching for file changes with StatReloader
"GET /admin/ HTTP/1.1" 200 10682
"GET /admin/users/department/ HTTP/1.1" 200 14350
"GET /admin/jsi18n/ HTTP/1.1" 200 10649
"GET /admin/users/tenderuser/ HTTP/1.1" 200 16028
"GET /admin/jsi18n/ HTTP/1.1" 200 10649
D:\OpenServer\domains\tender-system\backend\users\admin.py changed, reloading.
Watching for file changes with StatReloader
"GET /admin/users/tenderuser/ HTTP/1.1" 200 15764
"GET /admin/jsi18n/ HTTP/1.1" 200 10649
"GET /admin/users/staffuser/ HTTP/1.1" 200 16373
"GET /admin/jsi18n/ HTTP/1.1" 200 10649
Watching for file changes with StatReloader
"GET /admin/users/staffuser/ HTTP/1.1" 200 16373
"GET /admin/jsi18n/ HTTP/1.1" 200 10649
